make all --print-data-base --no-builtin-variables --no-builtin-rules --question
# GNU Make 3.81
# Copyright (C) 2006  Free Software Foundation, Inc.
# This is free software; see the source for copying conditions.
# There is NO warranty; not even for MERCHANTABILITY or FITNESS FOR A
# PARTICULAR PURPOSE.

# This program built for i386-apple-darwin11.3.0
 

# Make data base, printed on Sat Jul  2 23:31:39 2022

# Variables

# automatic
<D = $(patsubst %/,%,$(dir $<))
# automatic
?F = $(notdir $?)
# environment
VSCODE_LOG_NATIVE = false
# automatic
?D = $(patsubst %/,%,$(dir $?))
# automatic
@D = $(patsubst %/,%,$(dir $@))
# automatic
@F = $(notdir $@)
# makefile
CURDIR := /Users/kimyousung/42cursus/minishell3
# makefile
SHELL = /bin/sh
# environment
 
VSCODE_NLS_CONFIG = {"locale":"ko","availableLanguages":{"*":"ko"},"_languagePackId":"26f3b44ea4f1e942cca002e9545643cc.ko","_translationsConfigFile":"/Users/kimyousung/Library/Application Support/Code/clp/26f3b44ea4f1e942cca002e9545643cc.ko/tcf.json","_cacheRoot":"/Users/kimyousung/Library/Application Support/Code/clp/26f3b44ea4f1e942cca002e9545643cc.ko","_resolvedLanguagePackCoreLocation":"/Users/kimyousung/Library/Application Support/Code/clp/26f3b44ea4f1e942cca002e9545643cc.ko/30d9c6cd9483b2cc586687151bcbcd635f373630","_corruptedFile":"/Users/kimyousung/Library/Application Support/Code/clp/26f3b44ea4f1e942cca002e9545643cc.ko/corrupted.info","_languagePackSupport":true}
# environment
_ = /usr/bin/make
# makefile (from `Makefile', line 1)
MAKEFILE_LIST :=  Makefile
# environment
VSCODE_VERBOSE_LOGGING = true
# environment
__CFBundleIdentifier = com.microsoft.VSCode
# environment
VSCODE_IPC_HOOK_EXTHOST = /var/folders/1j/9_dkqm7x3dd46kfwr6_d896m0000gn/T/vscode-ipc-ce37f28b-dd89-4668-81cb-8a942a2e0277.sock
# environment
VSCODE_CWD = /
# environment
PATH = /opt/homebrew/bin:/opt/homebrew/bin:/opt/homebrew/sbin:/usr/local/opt/mysql@5.6/bin:/usr/local/opt/mysql@5.7/bin:/usr/local/bin:/usr/bin:/bin:/usr/sbin:/sbin
# environment
LSCOLORS = Gxfxcxdxbxegedabagacad
# environment
VSCODE_LOG_STACK = false
# environment
ELECTRON_RUN_AS_NODE = 1
# makefile (from `Makefile', line 19)
LIB = -L/opt/homebrew/opt/readline/lib
# default
.FEATURES := target-specific order-only second-expansion else-if archives jobserver check-symlink
# environment
SSH_AUTH_SOCK = /private/tmp/com.apple.launchd.0XWar5YplY/Listeners
# automatic
%F = $(notdir $%)
# environment
VSCODE_PIPE_LOGGING = true
# makefile (from `Makefile', line 50)
OBJS = $(FILE:.c=.o)
# environment
PWD = /Users/kimyousung/42cursus/minishell3
# makefile (from `Makefile', line 25)
FILE = main.c make_node.c make_redirect.c change_input.c change_quote.c env_change_1.c env_change_2.c make_env.c exe_cmd_1.c exe_cmd_2.c do_redirection.c file_open.c error.c check_1.c check_2.c bt_echo_and_pwd.c bt_env_and_unset.c bt_exit.c bt_export_1.c bt_export_2.c bt_cd.c signal.c do_execve.c reset.c
# environment
ORIGINAL_XDG_CURRENT_DESKTOP = undefined
# environment
VSCODE_AMD_ENTRYPOINT = vs/workbench/api/node/extensionHostProcess
# environment
HOME = /Users/kimyousung
# default
MAKEFILEPATH = $(shell /usr/bin/xcode-select -print-path 2>/dev/null || echo /Developer)/Makefiles
# environment
VSCODE_CODE_CACHE_PATH = /Users/kimyousung/Library/Application Support/Code/CachedData/30d9c6cd9483b2cc586687151bcbcd635f373630
# environment
LOGNAME = kimyousung
# environment
APPLICATION_INSIGHTS_NO_DIAGNOSTIC_CHANNEL = 1
# environment
ZSH = /Users/kimyousung/.oh-my-zsh
# environment
VSCODE_HANDLES_UNCAUGHT_ERRORS = true
# automatic
^D = $(patsubst %/,%,$(dir $^))
# environment
XPC_FLAGS = 0x0
# default
MAKE = $(MAKE_COMMAND)
# default
MAKECMDGOALS := all
# environment
SHLVL = 1
# makefile (from `Makefile', line 15)
CC = gcc -Werror -Wall -Wextra 
# default
MAKE_VERSION := 3.81
# environment
USER = youskim
# makefile
.DEFAULT_GOAL := all
# makefile (from `Makefile', line 18)
INCLUDE = -I/opt/homebrew/opt/readline/include
# makefile (from `Makefile', line 13)
NAME = minishell
# environment
LESS = -R
# automatic
%D = $(patsubst %/,%,$(dir $%))
# default
MAKE_COMMAND := /Library/Developer/CommandLineTools/usr/bin/make
# default
.VARIABLES := 
# environment
TMPDIR = /var/folders/1j/9_dkqm7x3dd46kfwr6_d896m0000gn/T/
# automatic
*F = $(notdir $*)
# environment
VSCODE_IPC_HOOK = /Users/kimyousung/Library/Application Support/Code/1.68.1-main.sock
# makefile
MAKEFLAGS = Rrqp
# environment
MFLAGS = -Rrqp
# automatic
*D = $(patsubst %/,%,$(dir $*))
# environment
MAIL = youskim@student.42seoul.kr
# environment
XPC_SERVICE_NAME = application.com.microsoft.VSCode.5464407.5464413
# automatic
+D = $(patsubst %/,%,$(dir $+))
# automatic
+F = $(notdir $+)
# environment
__CF_USER_TEXT_ENCODING = 0x1F5:0x3:0x33
# environment
COMMAND_MODE = unix2003
# default
MAKEFILES := 
# automatic
<F = $(notdir $<)
# environment
PAGER = less
# environment
LC_ALL = C
# automatic
^F = $(notdir $^)
# default
SUFFIXES := 
# default
.INCLUDE_DIRS = /usr/local/include
# environment
MAKELEVEL := 0
# environment
LANG = C
# environment
VSCODE_PID = 72210
# variable set hash-table stats:
# Load=73/1024=7%, Rehash=0, Collisions=6/101=6%

# Pattern-specific Variable Values

# No pattern-specific variable values.

# Directories

# . (device 16777229, inode 5541343): 56 files, no impossibilities.

# 56 files, no impossibilities in 1 directories.

# Implicit Rules

%.o: %.c
#  commands to execute (from `Makefile', line 59):
	$(CC) -c $< -o $@ $(INCLUDE)
	

# 1 implicit rules, 0 (0.0%) terminal.

# Files

bt_echo_and_pwd.o: bt_echo_and_pwd.c
#  Implicit rule search has been done.
#  Implicit/static pattern stem: `bt_echo_and_pwd'
#  Last modified 2022-07-02 23:30:08
#  File has been updated.
#  Successfully updated.
# variable set hash-table stats:
# Load=0/32=0%, Rehash=0, Collisions=0/0=0%
#  commands to execute (from `Makefile', line 59):
	$(CC) -c $< -o $@ $(INCLUDE)
	

env_change_2.o: env_change_2.c
#  Implicit rule search has been done.
#  Implicit/static pattern stem: `env_change_2'
#  Last modified 2022-07-02 23:30:08
#  File has been updated.
#  Successfully updated.
# variable set hash-table stats:
# Load=0/32=0%, Rehash=0, Collisions=0/0=0%
#  commands to execute (from `Makefile', line 59):
	$(CC) -c $< -o $@ $(INCLUDE)
	

check_1.o: check_1.c
#  Implicit rule search has been done.
#  Implicit/static pattern stem: `check_1'
#  Last modified 2022-07-02 23:30:08
#  File has been updated.
#  Successfully updated.
# variable set hash-table stats:
# Load=0/32=0%, Rehash=0, Collisions=0/0=0%
#  commands to execute (from `Makefile', line 59):
	$(CC) -c $< -o $@ $(INCLUDE)
	

# Not a target:
exe_cmd_1.c:
#  Implicit rule search has been done.
#  Last modified 2022-07-02 23:28:26
#  File has been updated.
#  Successfully updated.
# variable set hash-table stats:
# Load=0/32=0%, Rehash=0, Collisions=0/0=0%

# Not a target:
do_execve.c:
#  Implicit rule search has been done.
#  Last modified 2022-07-02 23:28:26
#  File has been updated.
#  Successfully updated.
# variable set hash-table stats:
# Load=0/32=0%, Rehash=0, Collisions=0/0=0%

file_open.o: file_open.c
#  Implicit rule search has been done.
#  Implicit/static pattern stem: `file_open'
#  Last modified 2022-07-02 23:30:08
#  File has been updated.
#  Successfully updated.
# variable set hash-table stats:
# Load=0/32=0%, Rehash=0, Collisions=0/0=0%
#  commands to execute (from `Makefile', line 59):
	$(CC) -c $< -o $@ $(INCLUDE)
	

all: minishell
#  Phony target (prerequisite of .PHONY).
#  Command-line target.
#  Implicit rule search has not been done.
#  File does not exist.
#  File has been updated.
#  Successfully updated.
# variable set hash-table stats:
# Load=0/32=0%, Rehash=0, Collisions=0/0=0%

change_quote.o: change_quote.c
#  Implicit rule search has been done.
#  Implicit/static pattern stem: `change_quote'
#  Last modified 2022-07-02 23:30:08
#  File has been updated.
#  Successfully updated.
# variable set hash-table stats:
# Load=0/32=0%, Rehash=0, Collisions=0/0=0%
#  commands to execute (from `Makefile', line 59):
	$(CC) -c $< -o $@ $(INCLUDE)
	

.PHONY: all clean fclean re
#  Implicit rule search has not been done.
#  Modification time never checked.
#  File has not been updated.

# Not a target:
main.c:
#  Implicit rule search has been done.
#  Last modified 2022-07-02 23:30:04
#  File has been updated.
#  Successfully updated.
# variable set hash-table stats:
# Load=0/32=0%, Rehash=0, Collisions=0/0=0%

# Not a target:
env_change_1.c:
#  Implicit rule search has been done.
#  Last modified 2022-07-02 23:28:26
#  File has been updated.
#  Successfully updated.
# variable set hash-table stats:
# Load=0/32=0%, Rehash=0, Collisions=0/0=0%

# Not a target:
.SUFFIXES:
#  Implicit rule search has not been done.
#  Modification time never checked.
#  File has not been updated.

check_2.o: check_2.c
#  Implicit rule search has been done.
#  Implicit/static pattern stem: `check_2'
 
#  Last modified 2022-07-02 23:30:08
#  File has been updated.
#  Successfully updated.
# variable set hash-table stats:
# Load=0/32=0%, Rehash=0, Collisions=0/0=0%
#  commands to execute (from `Makefile', line 59):
	$(CC) -c $< -o $@ $(INCLUDE)
	

# Not a target:
exe_cmd_2.c:
#  Implicit rule search has been done.
#  Last modified 2022-07-02 23:28:26
#  File has been updated.
#  Successfully updated.
# variable set hash-table stats:
# Load=0/32=0%, Rehash=0, Collisions=0/0=0%

# Not a target:
do_redirection.c:
#  Implicit rule search has been done.
#  Last modified 2022-07-02 23:28:26
#  File has been updated.
#  Successfully updated.
# variable set hash-table stats:
# Load=0/32=0%, Rehash=0, Collisions=0/0=0%

# Not a target:
Makefile:
#  Implicit rule search has been done.
#  Last modified 2022-07-02 23:30:56
#  File has been updated.
#  Successfully updated.
# variable set hash-table stats:
# Load=0/32=0%, Rehash=0, Collisions=0/0=0%

# Not a target:
signal.c:
#  Implicit rule search has been done.
#  Last modified 2022-07-02 23:29:57
#  File has been updated.
#  Successfully updated.
# variable set hash-table stats:
# Load=0/32=0%, Rehash=0, Collisions=0/0=0%

# Not a target:
bt_cd.c:
#  Implicit rule search has been done.
#  Last modified 2022-07-02 23:28:26
#  File has been updated.
#  Successfully updated.
# variable set hash-table stats:
# Load=0/32=0%, Rehash=0, Collisions=0/0=0%

# Not a target:
change_input.c:
#  Implicit rule search has been done.
#  Last modified 2022-07-02 23:28:26
#  File has been updated.
#  Successfully updated.
# variable set hash-table stats:
# Load=0/32=0%, Rehash=0, Collisions=0/0=0%

# Not a target:
bt_echo_and_pwd.c:
#  Implicit rule search has been done.
#  Last modified 2022-07-02 23:28:26
#  File has been updated.
#  Successfully updated.
# variable set hash-table stats:
# Load=0/32=0%, Rehash=0, Collisions=0/0=0%

bt_cd.o: bt_cd.c
#  Implicit rule search has been done.
#  Implicit/static pattern stem: `bt_cd'
#  Last modified 2022-07-02 23:30:09
#  File has been updated.
#  Successfully updated.
# variable set hash-table stats:
# Load=0/32=0%, Rehash=0, Collisions=0/0=0%
#  commands to execute (from `Makefile', line 59):
	$(CC) -c $< -o $@ $(INCLUDE)
	

# Not a target:
env_change_2.c:
#  Implicit rule search has been done.
#  Last modified 2022-07-02 23:28:26
#  File has been updated.
#  Successfully updated.
# variable set hash-table stats:
# Load=0/32=0%, Rehash=0, Collisions=0/0=0%

bt_export_1.o: bt_export_1.c
#  Implicit rule search has been done.
#  Implicit/static pattern stem: `bt_export_1'
#  Last modified 2022-07-02 23:30:09
#  File has been updated.
#  Successfully updated.
# variable set hash-table stats:
# Load=0/32=0%, Rehash=0, Collisions=0/0=0%
#  commands to execute (from `Makefile', line 59):
	$(CC) -c $< -o $@ $(INCLUDE)
	

error.o: error.c
#  Implicit rule search has been done.
#  Implicit/static pattern stem: `error'
#  Last modified 2022-07-02 23:30:08
#  File has been updated.
#  Successfully updated.
# variable set hash-table stats:
# Load=0/32=0%, Rehash=0, Collisions=0/0=0%
#  commands to execute (from `Makefile', line 59):
	$(CC) -c $< -o $@ $(INCLUDE)
	

bt_env_and_unset.o: bt_env_and_unset.c
#  Implicit rule search has been done.
#  Implicit/static pattern stem: `bt_env_and_unset'
#  Last modified 2022-07-02 23:30:08
#  File has been updated.
#  Successfully updated.
# variable set hash-table stats:
# Load=0/32=0%, Rehash=0, Collisions=0/0=0%
#  commands to execute (from `Makefile', line 59):
	$(CC) -c $< -o $@ $(INCLUDE)
	

minishell: main.o make_node.o make_redirect.o change_input.o change_quote.o env_change_1.o env_change_2.o make_env.o exe_cmd_1.o exe_cmd_2.o do_redirection.o file_open.o error.o check_1.o check_2.o bt_echo_and_pwd.o bt_env_and_unset.o bt_exit.o bt_export_1.o bt_export_2.o bt_cd.o signal.o do_execve.o reset.o
#  Implicit rule search has not been done.
#  Last modified 2022-07-02 23:30:59
#  File has been updated.
#  Successfully updated.
# variable set hash-table stats:
# Load=0/32=0%, Rehash=0, Collisions=0/0=0%
#  commands to execute (from `Makefile', line 55):
	@$(MAKE) -C ./libft all
	$(CC) $(OBJS) $(INCLUDE) $(LIB) -lreadline -L./libft -lft -o $(NAME)
	

# Not a target:
check_1.c:
#  Implicit rule search has been done.
#  Last modified 2022-07-02 23:28:26
#  File has been updated.
#  Successfully updated.
# variable set hash-table stats:
# Load=0/32=0%, Rehash=0, Collisions=0/0=0%

# Not a target:
file_open.c:
#  Implicit rule search has been done.
#  Last modified 2022-07-02 23:28:26
#  File has been updated.
#  Successfully updated.
# variable set hash-table stats:
# Load=0/32=0%, Rehash=0, Collisions=0/0=0%

# Not a target:
change_quote.c:
#  Implicit rule search has been done.
#  Last modified 2022-07-02 23:28:26
#  File has been updated.
#  Successfully updated.
# variable set hash-table stats:
# Load=0/32=0%, Rehash=0, Collisions=0/0=0%

fclean:
#  Phony target (prerequisite of .PHONY).
#  Implicit rule search has not been done.
#  File does not exist.
#  File has not been updated.
#  commands to execute (from `Makefile', line 66):
	make clean
	@$(MAKE) -C ./libft fclean
	rm -rf $(NAME)
	

make_redirect.o: make_redirect.c
#  Implicit rule search has been done.
#  Implicit/static pattern stem: `make_redirect'
#  Last modified 2022-07-02 23:30:08
#  File has been updated.
#  Successfully updated.
# variable set hash-table stats:
# Load=0/32=0%, Rehash=0, Collisions=0/0=0%
#  commands to execute (from `Makefile', line 59):
	$(CC) -c $< -o $@ $(INCLUDE)
	

# Not a target:
make_redirect.c:
#  Implicit rule search has been done.
#  Last modified 2022-07-02 23:28:26
#  File has been updated.
#  Successfully updated.
# variable set hash-table stats:
# Load=0/32=0%, Rehash=0, Collisions=0/0=0%

bt_exit.o: bt_exit.c
#  Implicit rule search has been done.
#  Implicit/static pattern stem: `bt_exit'
#  Last modified 2022-07-02 23:30:08
#  File has been updated.
#  Successfully updated.
# variable set hash-table stats:
# Load=0/32=0%, Rehash=0, Collisions=0/0=0%
#  commands to execute (from `Makefile', line 59):
	$(CC) -c $< -o $@ $(INCLUDE)
	

make_env.o: make_env.c
#  Implicit rule search has been done.
#  Implicit/static pattern stem: `make_env'
#  Last modified 2022-07-02 23:30:08
#  File has been updated.
#  Successfully updated.
# variable set hash-table stats:
# Load=0/32=0%, Rehash=0, Collisions=0/0=0%
#  commands to execute (from `Makefile', line 59):
	$(CC) -c $< -o $@ $(INCLUDE)
	

make_node.o: make_node.c
#  Implicit rule search has been done.
#  Implicit/static pattern stem: `make_node'
#  Last modified 2022-07-02 23:30:08
#  File has been updated.
#  Successfully updated.
# variable set hash-table stats:
# Load=0/32=0%, Rehash=0, Collisions=0/0=0%
#  commands to execute (from `Makefile', line 59):
	$(CC) -c $< -o $@ $(INCLUDE)
	

bt_export_2.o: bt_export_2.c
#  Implicit rule search has been done.
#  Implicit/static pattern stem: `bt_export_2'
#  Last modified 2022-07-02 23:30:09
#  File has been updated.
#  Successfully updated.
# variable set hash-table stats:
# Load=0/32=0%, Rehash=0, Collisions=0/0=0%
#  commands to execute (from `Makefile', line 59):
	$(CC) -c $< -o $@ $(INCLUDE)
	

# Not a target:
.DEFAULT:
#  Implicit rule search has not been done.
#  Modification time never checked.
#  File has not been updated.

# Not a target:
check_2.c:
#  Implicit rule search has been done.
#  Last modified 2022-07-02 23:28:26
#  File has been updated.
#  Successfully updated.
# variable set hash-table stats:
# Load=0/32=0%, Rehash=0, Collisions=0/0=0%

reset.o: reset.c
#  Implicit rule search has been done.
#  Implicit/static pattern stem: `reset'
#  Last modified 2022-07-02 23:30:58
#  File has been updated.
#  Successfully updated.
# variable set hash-table stats:
# Load=0/32=0%, Rehash=0, Collisions=0/0=0%
#  commands to execute (from `Makefile', line 59):
	$(CC) -c $< -o $@ $(INCLUDE)
	

re:
#  Phony target (prerequisite of .PHONY).
#  Implicit rule search has not been done.
#  File does not exist.
#  File has not been updated.
#  commands to execute (from `Makefile', line 71):
	make fclean
	make all
	

clean:
 
#  Phony target (prerequisite of .PHONY).
#  Implicit rule search has not been done.
#  File does not exist.
#  File has not been updated.
#  commands to execute (from `Makefile', line 62):
	@$(MAKE) -C ./libft clean
	rm -rf $(OBJS)
	

# Not a target:
bt_export_1.c:
#  Implicit rule search has been done.
#  Last modified 2022-07-02 23:28:26
#  File has been updated.
#  Successfully updated.
# variable set hash-table stats:
# Load=0/32=0%, Rehash=0, Collisions=0/0=0%

# Not a target:
error.c:
#  Implicit rule search has been done.
#  Last modified 2022-07-02 23:28:26
#  File has been updated.
#  Successfully updated.
# variable set hash-table stats:
# Load=0/32=0%, Rehash=0, Collisions=0/0=0%

# Not a target:
bt_env_and_unset.c:
#  Implicit rule search has been done.
#  Last modified 2022-07-02 23:28:26
#  File has been updated.
#  Successfully updated.
# variable set hash-table stats:
# Load=0/32=0%, Rehash=0, Collisions=0/0=0%

exe_cmd_1.o: exe_cmd_1.c
#  Implicit rule search has been done.
#  Implicit/static pattern stem: `exe_cmd_1'
#  Last modified 2022-07-02 23:30:08
#  File has been updated.
#  Successfully updated.
# variable set hash-table stats:
# Load=0/32=0%, Rehash=0, Collisions=0/0=0%
#  commands to execute (from `Makefile', line 59):
	$(CC) -c $< -o $@ $(INCLUDE)
	

do_execve.o: do_execve.c
#  Implicit rule search has been done.
#  Implicit/static pattern stem: `do_execve'
#  Last modified 2022-07-02 23:30:58
#  File has been updated.
#  Successfully updated.
# variable set hash-table stats:
# Load=0/32=0%, Rehash=0, Collisions=0/0=0%
#  commands to execute (from `Makefile', line 59):
	$(CC) -c $< -o $@ $(INCLUDE)
	

main.o: main.c
#  Implicit rule search has been done.
#  Implicit/static pattern stem: `main'
#  Last modified 2022-07-02 23:30:08
#  File has been updated.
#  Successfully updated.
# variable set hash-table stats:
# Load=0/32=0%, Rehash=0, Collisions=0/0=0%
#  commands to execute (from `Makefile', line 59):
	$(CC) -c $< -o $@ $(INCLUDE)
	

env_change_1.o: env_change_1.c
#  Implicit rule search has been done.
#  Implicit/static pattern stem: `env_change_1'
#  Last modified 2022-07-02 23:30:08
#  File has been updated.
#  Successfully updated.
# variable set hash-table stats:
# Load=0/32=0%, Rehash=0, Collisions=0/0=0%
#  commands to execute (from `Makefile', line 59):
	$(CC) -c $< -o $@ $(INCLUDE)
	

# Not a target:
bt_exit.c:
#  Implicit rule search has been done.
#  Last modified 2022-07-02 23:28:26
#  File has been updated.
#  Successfully updated.
# variable set hash-table stats:
# Load=0/32=0%, Rehash=0, Collisions=0/0=0%

# Not a target:
make_env.c:
#  Implicit rule search has been done.
#  Last modified 2022-07-02 23:28:26
#  File has been updated.
#  Successfully updated.
# variable set hash-table stats:
# Load=0/32=0%, Rehash=0, Collisions=0/0=0%

# Not a target:
make_node.c:
#  Implicit rule search has been done.
#  Last modified 2022-07-02 23:28:26
#  File has been updated.
#  Successfully updated.
# variable set hash-table stats:
# Load=0/32=0%, Rehash=0, Collisions=0/0=0%

# Not a target:
bt_export_2.c:
#  Implicit rule search has been done.
#  Last modified 2022-07-02 23:28:26
#  File has been updated.
#  Successfully updated.
# variable set hash-table stats:
# Load=0/32=0%, Rehash=0, Collisions=0/0=0%

exe_cmd_2.o: exe_cmd_2.c
#  Implicit rule search has been done.
#  Implicit/static pattern stem: `exe_cmd_2'
#  Last modified 2022-07-02 23:30:08
#  File has been updated.
#  Successfully updated.
# variable set hash-table stats:
# Load=0/32=0%, Rehash=0, Collisions=0/0=0%
#  commands to execute (from `Makefile', line 59):
	$(CC) -c $< -o $@ $(INCLUDE)
	

do_redirection.o: do_redirection.c
#  Implicit rule search has been done.
#  Implicit/static pattern stem: `do_redirection'
#  Last modified 2022-07-02 23:30:08
#  File has been updated.
#  Successfully updated.
# variable set hash-table stats:
# Load=0/32=0%, Rehash=0, Collisions=0/0=0%
#  commands to execute (from `Makefile', line 59):
	$(CC) -c $< -o $@ $(INCLUDE)
	

signal.o: signal.c
#  Implicit rule search has been done.
#  Implicit/static pattern stem: `signal'
#  Last modified 2022-07-02 23:30:58
#  File has been updated.
#  Successfully updated.
# variable set hash-table stats:
# Load=0/32=0%, Rehash=0, Collisions=0/0=0%
#  commands to execute (from `Makefile', line 59):
	$(CC) -c $< -o $@ $(INCLUDE)
	

change_input.o: change_input.c
#  Implicit rule search has been done.
#  Implicit/static pattern stem: `change_input'
#  Last modified 2022-07-02 23:30:08
#  File has been updated.
#  Successfully updated.
# variable set hash-table stats:
# Load=0/32=0%, Rehash=0, Collisions=0/0=0%
#  commands to execute (from `Makefile', line 59):
	$(CC) -c $< -o $@ $(INCLUDE)
	

# Not a target:
reset.c:
#  Implicit rule search has been done.
#  Last modified 2022-07-02 23:28:26
#  File has been updated.
#  Successfully updated.
# variable set hash-table stats:
# Load=0/32=0%, Rehash=0, Collisions=0/0=0%

# files hash-table stats:
# Load=57/1024=6%, Rehash=0, Collisions=8/171=5%
# VPATH Search Paths

# No `vpath' search paths.

# No general (`VPATH' variable) search path.

# # of strings in strcache: 1
# # of strcache buffers: 1
# strcache size: total = 4096 / max = 4096 / min = 4096 / avg = 4096
# strcache free: total = 4087 / max = 4087 / min = 4087 / avg = 4087

# Finished Make data base on Sat Jul  2 23:31:39 2022

 
